2025-08-15 10:34:22,607 - trading_bot - INFO - Database initialized and tables created.
2025-08-15 10:34:24,780 - trading_bot - INFO - Exchange 'binance' initialized. Test mode: True
2025-08-15 10:34:24,780 - trading_bot - INFO - Initializing strategy: rsi with params: {'rsi_period': 14, 'rsi_overbought': 70, 'rsi_oversold': 30}
2025-08-15 10:34:24,780 - trading_bot - INFO - Starting trading bot...
2025-08-15 10:34:24,780 - trading_bot - INFO - Fetching historical data for BTC/USDT...
2025-08-15 10:34:25,416 - trading_bot - INFO - Stored 1056 OHLCV records.
2025-08-15 10:34:25,417 - trading_bot - INFO - Starting trading loop. Cycle interval: 3600 seconds.
2025-08-15 10:34:25,417 - trading_bot - INFO - --- New Trading Cycle ---
2025-08-15 10:34:25,426 - trading_bot - INFO - Latest data loaded. Last candle: 2025-07-10 18:00:00
2025-08-15 10:34:25,429 - trading_bot - INFO - Strategy signal: HOLD
2025-08-15 10:34:25,430 - trading_bot - INFO - ACTION: Hold.
2025-08-15 11:04:51,087 - trading_bot - INFO - Database initialized and tables created.
2025-08-15 11:04:51,088 - trading_bot - INFO - Initializing strategy: rsi with params: {'rsi_period': 14, 'rsi_overbought': 70, 'rsi_oversold': 30}
2025-08-15 11:04:51,088 - trading_bot - INFO - Starting trading bot...
2025-08-15 11:04:51,088 - trading_bot - INFO - Fetching historical data for BTC/USDT using multi-source downloader...
2025-08-15 11:04:52,010 - trading_bot - INFO - Stored 1000 new OHLCV records in the database.
2025-08-15 11:04:52,013 - trading_bot - INFO - Starting trading loop. Cycle interval: 3600 seconds.
2025-08-15 11:04:52,013 - trading_bot - INFO - --- New Trading Cycle ---
2025-08-15 11:04:52,028 - trading_bot - INFO - Latest data loaded. Last candle: 2025-08-15 10:00:00
2025-08-15 11:04:52,035 - trading_bot - INFO - Strategy signal: HOLD
2025-08-15 11:04:52,036 - trading_bot - INFO - ACTION: Hold.
2025-08-15 11:12:18,028 - trading_bot - INFO - Database initialized and tables created.
2025-08-15 11:12:18,028 - trading_bot - INFO - Initializing strategy: rsi with params: {'rsi_period': 14, 'rsi_overbought': 70, 'rsi_oversold': 30}
2025-08-15 11:12:18,028 - trading_bot - INFO - Starting trading bot...
2025-08-15 11:12:18,028 - trading_bot - INFO - Fetching historical data for BTC/USDT using multi-source downloader...
2025-08-15 11:12:18,884 - trading_bot - INFO - Stored 1000 new OHLCV records in the database.
2025-08-15 11:12:18,886 - trading_bot - INFO - Starting trading loop. Cycle interval: 3600 seconds.
2025-08-15 11:12:18,886 - trading_bot - INFO - --- New Trading Cycle ---
2025-08-15 11:12:18,900 - trading_bot - INFO - Latest data loaded. Last candle: 2025-08-15 10:00:00
2025-08-15 11:12:18,904 - trading_bot - INFO - Strategy signal: HOLD
2025-08-15 11:12:18,904 - trading_bot - INFO - ACTION: Hold.
